2023-02-22T15:42:22+00:00 DEBUG tt4b_product_sync: missing access token for tt4b_product_sync
2023-02-22T15:45:42+00:00 DEBUG tt4b_product_sync: missing access token for tt4b_product_sync
2023-02-22T15:47:37+00:00 DEBUG tt4b_product_sync: missing access token for tt4b_product_sync
2023-02-22T15:59:25+00:00 DEBUG tt4b_product_sync: missing access token for tt4b_product_sync
2023-02-22T16:05:24+00:00 DEBUG tt4b_product_sync: missing access token for tt4b_product_sync
2023-02-22T16:07:24+00:00 DEBUG tt4b_product_sync: missing access token for tt4b_product_sync
2023-02-22T16:07:54+00:00 DEBUG tt4b_product_sync: missing access token for tt4b_product_sync
2023-02-22T16:08:32+00:00 DEBUG tt4b_product_sync: missing access token for tt4b_product_sync
2023-02-22T16:09:40+00:00 DEBUG tt4b_product_sync: missing access token for tt4b_product_sync
2023-02-22T16:11:40+00:00 DEBUG tt4b_product_sync: missing access token for tt4b_product_sync
2023-02-22T16:12:01+00:00 DEBUG tt4b_product_sync: missing access token for tt4b_product_sync
2023-02-22T16:12:45+00:00 DEBUG Tt4b_Pixel_Class::inject_view_content_event: hit injectViewContentEvent
2023-02-22T16:12:45+00:00 DEBUG Tt4b_Pixel_Class::inject_view_content_event: Missing option "access_token"
2023-02-22T16:14:00+00:00 DEBUG tt4b_product_sync: missing access token for tt4b_product_sync
2023-02-22T16:14:00+00:00 DEBUG tt4b_product_sync: missing access token for tt4b_product_sync
2023-02-22T16:14:00+00:00 DEBUG tt4b_product_sync: missing access token for tt4b_product_sync
2023-02-22T16:23:33+00:00 DEBUG tt4b_product_sync: missing access token for tt4b_product_sync
2023-02-22T16:24:02+00:00 DEBUG tt4b_product_sync: missing access token for tt4b_product_sync
2023-02-22T16:24:14+00:00 DEBUG tt4b_product_sync: missing access token for tt4b_product_sync
2023-02-22T16:24:24+00:00 DEBUG tt4b_product_sync: missing access token for tt4b_product_sync
2023-02-22T16:24:31+00:00 DEBUG tt4b_product_sync: missing access token for tt4b_product_sync
2023-02-22T16:25:41+00:00 DEBUG tt4b_product_sync: missing access token for tt4b_product_sync
2023-02-22T16:28:52+00:00 DEBUG tt4b_product_sync: missing access token for tt4b_product_sync
2023-02-22T16:29:01+00:00 DEBUG Tt4b_Pixel_Class::inject_view_content_event: hit injectViewContentEvent
2023-02-22T16:29:01+00:00 DEBUG Tt4b_Pixel_Class::inject_view_content_event: Missing option "access_token"
2023-02-22T16:31:01+00:00 DEBUG tt4b_product_sync: missing access token for tt4b_product_sync
2023-02-22T16:32:10+00:00 DEBUG tt4b_product_sync: missing access token for tt4b_product_sync
2023-02-22T16:35:07+00:00 DEBUG tt4b_product_sync: missing access token for tt4b_product_sync
2023-02-22T16:35:18+00:00 DEBUG Tt4b_Pixel_Class::inject_view_content_event: hit injectViewContentEvent
2023-02-22T16:35:18+00:00 DEBUG Tt4b_Pixel_Class::inject_view_content_event: Missing option "access_token"
2023-02-22T16:36:47+00:00 DEBUG tt4b_product_sync: missing access token for tt4b_product_sync
2023-02-22T16:37:22+00:00 DEBUG tt4b_product_sync: missing access token for tt4b_product_sync
2023-02-22T16:37:55+00:00 DEBUG tt4b_product_sync: missing access token for tt4b_product_sync
2023-02-22T16:38:16+00:00 DEBUG tt4b_product_sync: missing access token for tt4b_product_sync
2023-02-22T16:42:24+00:00 DEBUG tt4b_product_sync: missing access token for tt4b_product_sync
2023-02-22T16:43:12+00:00 DEBUG tt4b_product_sync: missing access token for tt4b_product_sync
2023-02-22T16:50:47+00:00 DEBUG tt4b_product_sync: missing access token for tt4b_product_sync
2023-02-22T16:51:08+00:00 DEBUG tt4b_product_sync: missing access token for tt4b_product_sync
2023-02-22T16:52:15+00:00 DEBUG tt4b_product_sync: missing access token for tt4b_product_sync
2023-02-22T16:54:50+00:00 DEBUG tt4b_product_sync: missing access token for tt4b_product_sync
2023-02-22T16:55:34+00:00 DEBUG tt4b_product_sync: missing access token for tt4b_product_sync
2023-02-22T16:57:36+00:00 DEBUG tt4b_product_sync: missing access token for tt4b_product_sync
2023-02-22T16:57:49+00:00 DEBUG tt4b_product_sync: missing access token for tt4b_product_sync
2023-02-22T16:58:16+00:00 DEBUG tt4b_product_sync: missing access token for tt4b_product_sync
2023-02-22T16:59:24+00:00 DEBUG tt4b_product_sync: missing access token for tt4b_product_sync
2023-02-22T17:00:33+00:00 DEBUG tt4b_product_sync: missing access token for tt4b_product_sync
2023-02-22T17:01:22+00:00 DEBUG tt4b_product_sync: missing access token for tt4b_product_sync
2023-02-22T17:02:31+00:00 DEBUG tt4b_product_sync: missing access token for tt4b_product_sync
2023-02-22T17:04:44+00:00 DEBUG tt4b_product_sync: missing access token for tt4b_product_sync
2023-02-22T17:04:55+00:00 DEBUG tt4b_product_sync: missing access token for tt4b_product_sync
2023-02-22T17:06:02+00:00 DEBUG tt4b_product_sync: missing access token for tt4b_product_sync
2023-02-22T17:07:26+00:00 DEBUG tt4b_product_sync: missing access token for tt4b_product_sync
2023-02-22T17:07:48+00:00 DEBUG tt4b_product_sync: missing access token for tt4b_product_sync
2023-02-22T17:08:56+00:00 DEBUG tt4b_product_sync: missing access token for tt4b_product_sync
2023-02-22T17:09:31+00:00 DEBUG tt4b_product_sync: missing access token for tt4b_product_sync
2023-02-22T17:09:59+00:00 DEBUG tt4b_product_sync: missing access token for tt4b_product_sync
2023-02-22T17:32:22+00:00 DEBUG Tt4b_Pixel_Class::inject_view_content_event: hit injectViewContentEvent
2023-02-22T17:32:22+00:00 DEBUG Tt4b_Pixel_Class::inject_view_content_event: Missing option "access_token"
2023-02-22T18:02:10+00:00 DEBUG Tt4b_Pixel_Class::inject_add_to_cart_event: hit injectAddToCartEvent
2023-02-22T18:02:10+00:00 DEBUG Tt4b_Pixel_Class::inject_add_to_cart_event: Missing option "access_token"
2023-02-22T18:02:18+00:00 DEBUG Tt4b_Pixel_Class::inject_start_checkout: hit injectStartCheckout
2023-02-22T18:02:18+00:00 DEBUG Tt4b_Pixel_Class::inject_start_checkout: Missing option "access_token"
