Mar 05 2023 10:43:08
{"type":8192,"message":"Creation of dynamic property Jetpack_Gallery_Settings::$gallery_types is deprecated","file":"F:\\XAMPP\\htdocs\\WP_Travel_Agency\\wordpress\\wp-content\\plugins\\jetpack\\class-jetpack-gallery-settings.php","line":34}

Mar 05 2023 10:43:10
{"type":8192,"message":"Creation of dynamic property Jetpack_Gallery_Settings::$gallery_types is deprecated","file":"F:\\XAMPP\\htdocs\\WP_Travel_Agency\\wordpress\\wp-content\\plugins\\jetpack\\class-jetpack-gallery-settings.php","line":34}

Mar 05 2023 10:43:10
{"type":8192,"message":"Creation of dynamic property Jetpack_Gallery_Settings::$gallery_types is deprecated","file":"F:\\XAMPP\\htdocs\\WP_Travel_Agency\\wordpress\\wp-content\\plugins\\jetpack\\class-jetpack-gallery-settings.php","line":34}

Mar 05 2023 10:43:13
{"type":8192,"message":"Creation of dynamic property Jetpack_Gallery_Settings::$gallery_types is deprecated","file":"F:\\XAMPP\\htdocs\\WP_Travel_Agency\\wordpress\\wp-content\\plugins\\jetpack\\class-jetpack-gallery-settings.php","line":34}

Mar 05 2023 10:43:16
{"Number":8192,"Message":"base64_encode(): Passing null to parameter #1 ($string) of type string is deprecated","File":"F:\\XAMPP\\htdocs\\WP_Travel_Agency\\wordpress\\wp-content\\plugins\\all-in-one-wp-migration\\lib\\model\\export\\class-ai1wm-export-config.php","Line":171}

Mar 05 2023 10:43:16
{"type":8192,"message":"Creation of dynamic property Jetpack_Gallery_Settings::$gallery_types is deprecated","file":"F:\\XAMPP\\htdocs\\WP_Travel_Agency\\wordpress\\wp-content\\plugins\\jetpack\\class-jetpack-gallery-settings.php","line":34}

Mar 05 2023 10:43:16
{"type":8192,"message":"Creation of dynamic property Jetpack_Gallery_Settings::$gallery_types is deprecated","file":"F:\\XAMPP\\htdocs\\WP_Travel_Agency\\wordpress\\wp-content\\plugins\\jetpack\\class-jetpack-gallery-settings.php","line":34}

Mar 05 2023 10:43:19
{"type":8192,"message":"Creation of dynamic property Jetpack_Gallery_Settings::$gallery_types is deprecated","file":"F:\\XAMPP\\htdocs\\WP_Travel_Agency\\wordpress\\wp-content\\plugins\\jetpack\\class-jetpack-gallery-settings.php","line":34}

Mar 05 2023 10:43:21
{"type":8192,"message":"Creation of dynamic property Jetpack_Gallery_Settings::$gallery_types is deprecated","file":"F:\\XAMPP\\htdocs\\WP_Travel_Agency\\wordpress\\wp-content\\plugins\\jetpack\\class-jetpack-gallery-settings.php","line":34}

Mar 05 2023 10:43:21
{"type":8192,"message":"Creation of dynamic property Jetpack_Gallery_Settings::$gallery_types is deprecated","file":"F:\\XAMPP\\htdocs\\WP_Travel_Agency\\wordpress\\wp-content\\plugins\\jetpack\\class-jetpack-gallery-settings.php","line":34}

Mar 05 2023 10:43:23
{"type":8192,"message":"Creation of dynamic property Jetpack_Gallery_Settings::$gallery_types is deprecated","file":"F:\\XAMPP\\htdocs\\WP_Travel_Agency\\wordpress\\wp-content\\plugins\\jetpack\\class-jetpack-gallery-settings.php","line":34}

Mar 05 2023 10:43:26
{"type":8192,"message":"Creation of dynamic property Jetpack_Gallery_Settings::$gallery_types is deprecated","file":"F:\\XAMPP\\htdocs\\WP_Travel_Agency\\wordpress\\wp-content\\plugins\\jetpack\\class-jetpack-gallery-settings.php","line":34}

Mar 05 2023 10:43:29
{"type":8192,"message":"Creation of dynamic property Jetpack_Gallery_Settings::$gallery_types is deprecated","file":"F:\\XAMPP\\htdocs\\WP_Travel_Agency\\wordpress\\wp-content\\plugins\\jetpack\\class-jetpack-gallery-settings.php","line":34}

Mar 05 2023 10:43:32
{"type":8192,"message":"Creation of dynamic property Jetpack_Gallery_Settings::$gallery_types is deprecated","file":"F:\\XAMPP\\htdocs\\WP_Travel_Agency\\wordpress\\wp-content\\plugins\\jetpack\\class-jetpack-gallery-settings.php","line":34}

Mar 05 2023 10:43:32
{"type":8192,"message":"Creation of dynamic property Jetpack_Gallery_Settings::$gallery_types is deprecated","file":"F:\\XAMPP\\htdocs\\WP_Travel_Agency\\wordpress\\wp-content\\plugins\\jetpack\\class-jetpack-gallery-settings.php","line":34}

Mar 05 2023 10:43:34
{"type":8192,"message":"Creation of dynamic property Jetpack_Gallery_Settings::$gallery_types is deprecated","file":"F:\\XAMPP\\htdocs\\WP_Travel_Agency\\wordpress\\wp-content\\plugins\\jetpack\\class-jetpack-gallery-settings.php","line":34}

Mar 05 2023 10:43:36
{"type":8192,"message":"Creation of dynamic property Jetpack_Gallery_Settings::$gallery_types is deprecated","file":"F:\\XAMPP\\htdocs\\WP_Travel_Agency\\wordpress\\wp-content\\plugins\\jetpack\\class-jetpack-gallery-settings.php","line":34}

Mar 05 2023 10:43:37
{"type":8192,"message":"Creation of dynamic property Jetpack_Gallery_Settings::$gallery_types is deprecated","file":"F:\\XAMPP\\htdocs\\WP_Travel_Agency\\wordpress\\wp-content\\plugins\\jetpack\\class-jetpack-gallery-settings.php","line":34}

Mar 05 2023 10:43:38
{"type":8192,"message":"Creation of dynamic property Jetpack_Gallery_Settings::$gallery_types is deprecated","file":"F:\\XAMPP\\htdocs\\WP_Travel_Agency\\wordpress\\wp-content\\plugins\\jetpack\\class-jetpack-gallery-settings.php","line":34}

Mar 05 2023 10:43:43
{"type":8192,"message":"Creation of dynamic property Jetpack_Gallery_Settings::$gallery_types is deprecated","file":"F:\\XAMPP\\htdocs\\WP_Travel_Agency\\wordpress\\wp-content\\plugins\\jetpack\\class-jetpack-gallery-settings.php","line":34}

Mar 05 2023 10:43:49
{"type":8192,"message":"Creation of dynamic property Jetpack_Gallery_Settings::$gallery_types is deprecated","file":"F:\\XAMPP\\htdocs\\WP_Travel_Agency\\wordpress\\wp-content\\plugins\\jetpack\\class-jetpack-gallery-settings.php","line":34}

Mar 05 2023 10:43:50
{"type":8192,"message":"Creation of dynamic property Jetpack_Gallery_Settings::$gallery_types is deprecated","file":"F:\\XAMPP\\htdocs\\WP_Travel_Agency\\wordpress\\wp-content\\plugins\\jetpack\\class-jetpack-gallery-settings.php","line":34}

Mar 05 2023 10:43:55
{"type":8192,"message":"Creation of dynamic property Jetpack_Gallery_Settings::$gallery_types is deprecated","file":"F:\\XAMPP\\htdocs\\WP_Travel_Agency\\wordpress\\wp-content\\plugins\\jetpack\\class-jetpack-gallery-settings.php","line":34}

Mar 05 2023 10:43:57
{"type":8192,"message":"Creation of dynamic property Jetpack_Gallery_Settings::$gallery_types is deprecated","file":"F:\\XAMPP\\htdocs\\WP_Travel_Agency\\wordpress\\wp-content\\plugins\\jetpack\\class-jetpack-gallery-settings.php","line":34}

Mar 05 2023 10:44:00
{"type":8192,"message":"Creation of dynamic property Jetpack_Gallery_Settings::$gallery_types is deprecated","file":"F:\\XAMPP\\htdocs\\WP_Travel_Agency\\wordpress\\wp-content\\plugins\\jetpack\\class-jetpack-gallery-settings.php","line":34}

Mar 05 2023 10:44:00
{"type":8192,"message":"Creation of dynamic property Jetpack_Gallery_Settings::$gallery_types is deprecated","file":"F:\\XAMPP\\htdocs\\WP_Travel_Agency\\wordpress\\wp-content\\plugins\\jetpack\\class-jetpack-gallery-settings.php","line":34}

Mar 05 2023 10:44:02
{"type":8192,"message":"Creation of dynamic property Jetpack_Gallery_Settings::$gallery_types is deprecated","file":"F:\\XAMPP\\htdocs\\WP_Travel_Agency\\wordpress\\wp-content\\plugins\\jetpack\\class-jetpack-gallery-settings.php","line":34}

Mar 05 2023 10:44:05
{"type":8192,"message":"Creation of dynamic property Jetpack_Gallery_Settings::$gallery_types is deprecated","file":"F:\\XAMPP\\htdocs\\WP_Travel_Agency\\wordpress\\wp-content\\plugins\\jetpack\\class-jetpack-gallery-settings.php","line":34}

Mar 05 2023 10:44:05
{"type":8192,"message":"Creation of dynamic property Jetpack_Gallery_Settings::$gallery_types is deprecated","file":"F:\\XAMPP\\htdocs\\WP_Travel_Agency\\wordpress\\wp-content\\plugins\\jetpack\\class-jetpack-gallery-settings.php","line":34}

Mar 05 2023 10:44:07
{"type":8192,"message":"Creation of dynamic property Jetpack_Gallery_Settings::$gallery_types is deprecated","file":"F:\\XAMPP\\htdocs\\WP_Travel_Agency\\wordpress\\wp-content\\plugins\\jetpack\\class-jetpack-gallery-settings.php","line":34}

Mar 05 2023 10:44:10
{"Number":8192,"Message":"Return type of Requests_Cookie_Jar::offsetExists($key) should either be compatible with ArrayAccess::offsetExists(mixed $offset): bool, or the #[\\ReturnTypeWillChange] attribute should be used to temporarily suppress the notice","File":"F:\\XAMPP\\htdocs\\WP_Travel_Agency\\wordpress\\wp-includes\\Requests\\Cookie\\Jar.php","Line":63}

Mar 05 2023 10:44:10
{"Number":8192,"Message":"Return type of Requests_Cookie_Jar::offsetGet($key) should either be compatible with ArrayAccess::offsetGet(mixed $offset): mixed, or the #[\\ReturnTypeWillChange] attribute should be used to temporarily suppress the notice","File":"F:\\XAMPP\\htdocs\\WP_Travel_Agency\\wordpress\\wp-includes\\Requests\\Cookie\\Jar.php","Line":73}

Mar 05 2023 10:44:10
{"Number":8192,"Message":"Return type of Requests_Cookie_Jar::offsetSet($key, $value) should either be compatible with ArrayAccess::offsetSet(mixed $offset, mixed $value): void, or the #[\\ReturnTypeWillChange] attribute should be used to temporarily suppress the notice","File":"F:\\XAMPP\\htdocs\\WP_Travel_Agency\\wordpress\\wp-includes\\Requests\\Cookie\\Jar.php","Line":89}

Mar 05 2023 10:44:10
{"Number":8192,"Message":"Return type of Requests_Cookie_Jar::offsetUnset($key) should either be compatible with ArrayAccess::offsetUnset(mixed $offset): void, or the #[\\ReturnTypeWillChange] attribute should be used to temporarily suppress the notice","File":"F:\\XAMPP\\htdocs\\WP_Travel_Agency\\wordpress\\wp-includes\\Requests\\Cookie\\Jar.php","Line":102}

Mar 05 2023 10:44:10
{"Number":8192,"Message":"Return type of Requests_Cookie_Jar::getIterator() should either be compatible with IteratorAggregate::getIterator(): Traversable, or the #[\\ReturnTypeWillChange] attribute should be used to temporarily suppress the notice","File":"F:\\XAMPP\\htdocs\\WP_Travel_Agency\\wordpress\\wp-includes\\Requests\\Cookie\\Jar.php","Line":111}

Mar 05 2023 10:44:11
{"type":8192,"message":"Creation of dynamic property Jetpack_Gallery_Settings::$gallery_types is deprecated","file":"F:\\XAMPP\\htdocs\\WP_Travel_Agency\\wordpress\\wp-content\\plugins\\jetpack\\class-jetpack-gallery-settings.php","line":34}

Mar 05 2023 10:44:11
{"Number":8192,"Message":"Return type of Requests_Utility_CaseInsensitiveDictionary::offsetExists($key) should either be compatible with ArrayAccess::offsetExists(mixed $offset): bool, or the #[\\ReturnTypeWillChange] attribute should be used to temporarily suppress the notice","File":"F:\\XAMPP\\htdocs\\WP_Travel_Agency\\wordpress\\wp-includes\\Requests\\Utility\\CaseInsensitiveDictionary.php","Line":40}

Mar 05 2023 10:44:11
{"Number":8192,"Message":"Return type of Requests_Utility_CaseInsensitiveDictionary::offsetGet($key) should either be compatible with ArrayAccess::offsetGet(mixed $offset): mixed, or the #[\\ReturnTypeWillChange] attribute should be used to temporarily suppress the notice","File":"F:\\XAMPP\\htdocs\\WP_Travel_Agency\\wordpress\\wp-includes\\Requests\\Utility\\CaseInsensitiveDictionary.php","Line":51}

Mar 05 2023 10:44:11
{"Number":8192,"Message":"Return type of Requests_Utility_CaseInsensitiveDictionary::offsetSet($key, $value) should either be compatible with ArrayAccess::offsetSet(mixed $offset, mixed $value): void, or the #[\\ReturnTypeWillChange] attribute should be used to temporarily suppress the notice","File":"F:\\XAMPP\\htdocs\\WP_Travel_Agency\\wordpress\\wp-includes\\Requests\\Utility\\CaseInsensitiveDictionary.php","Line":68}

Mar 05 2023 10:44:11
{"Number":8192,"Message":"Return type of Requests_Utility_CaseInsensitiveDictionary::offsetUnset($key) should either be compatible with ArrayAccess::offsetUnset(mixed $offset): void, or the #[\\ReturnTypeWillChange] attribute should be used to temporarily suppress the notice","File":"F:\\XAMPP\\htdocs\\WP_Travel_Agency\\wordpress\\wp-includes\\Requests\\Utility\\CaseInsensitiveDictionary.php","Line":82}

Mar 05 2023 10:44:11
{"Number":8192,"Message":"Return type of Requests_Utility_CaseInsensitiveDictionary::getIterator() should either be compatible with IteratorAggregate::getIterator(): Traversable, or the #[\\ReturnTypeWillChange] attribute should be used to temporarily suppress the notice","File":"F:\\XAMPP\\htdocs\\WP_Travel_Agency\\wordpress\\wp-includes\\Requests\\Utility\\CaseInsensitiveDictionary.php","Line":91}

Mar 05 2023 10:44:11
{"type":8192,"message":"Creation of dynamic property Jetpack_Gallery_Settings::$gallery_types is deprecated","file":"F:\\XAMPP\\htdocs\\WP_Travel_Agency\\wordpress\\wp-content\\plugins\\jetpack\\class-jetpack-gallery-settings.php","line":34}

Mar 05 2023 10:47:53
{"type":8192,"message":"Creation of dynamic property Jetpack_Gallery_Settings::$gallery_types is deprecated","file":"F:\\XAMPP\\htdocs\\WP_Travel_Agency\\wordpress\\wp-content\\plugins\\jetpack\\class-jetpack-gallery-settings.php","line":34}

Mar 05 2023 10:47:55
{"Number":2,"Message":"unlink(F:\\XAMPP\\htdocs\\WP_Travel_Agency\\wordpress\/wp-content\\ai1wm-backups\\localhost-wp_travel_agency-wordpress-20230305-104307-bceqvo.wpress): No such file or directory","File":"F:\\XAMPP\\htdocs\\WP_Travel_Agency\\wordpress\\wp-content\\plugins\\all-in-one-wp-migration\\lib\\model\\class-ai1wm-backups.php","Line":105}

Mar 05 2023 10:47:55
{"type":8192,"message":"Creation of dynamic property Jetpack_Gallery_Settings::$gallery_types is deprecated","file":"F:\\XAMPP\\htdocs\\WP_Travel_Agency\\wordpress\\wp-content\\plugins\\jetpack\\class-jetpack-gallery-settings.php","line":34}

Mar 05 2023 10:47:58
{"type":8192,"message":"Creation of dynamic property Jetpack_Gallery_Settings::$gallery_types is deprecated","file":"F:\\XAMPP\\htdocs\\WP_Travel_Agency\\wordpress\\wp-content\\plugins\\jetpack\\class-jetpack-gallery-settings.php","line":34}

Mar 05 2023 10:48:02
{"type":8192,"message":"Creation of dynamic property Jetpack_Gallery_Settings::$gallery_types is deprecated","file":"F:\\XAMPP\\htdocs\\WP_Travel_Agency\\wordpress\\wp-content\\plugins\\jetpack\\class-jetpack-gallery-settings.php","line":34}

Mar 05 2023 10:48:06
{"type":8192,"message":"Creation of dynamic property Jetpack_Gallery_Settings::$gallery_types is deprecated","file":"F:\\XAMPP\\htdocs\\WP_Travel_Agency\\wordpress\\wp-content\\plugins\\jetpack\\class-jetpack-gallery-settings.php","line":34}

Mar 05 2023 10:48:17
{"type":8192,"message":"Creation of dynamic property Jetpack_Gallery_Settings::$gallery_types is deprecated","file":"F:\\XAMPP\\htdocs\\WP_Travel_Agency\\wordpress\\wp-content\\plugins\\jetpack\\class-jetpack-gallery-settings.php","line":34}

Mar 05 2023 10:48:20
{"type":8192,"message":"Creation of dynamic property Jetpack_Gallery_Settings::$gallery_types is deprecated","file":"F:\\XAMPP\\htdocs\\WP_Travel_Agency\\wordpress\\wp-content\\plugins\\jetpack\\class-jetpack-gallery-settings.php","line":34}

Mar 05 2023 10:48:20
{"type":8192,"message":"Creation of dynamic property Jetpack_Gallery_Settings::$gallery_types is deprecated","file":"F:\\XAMPP\\htdocs\\WP_Travel_Agency\\wordpress\\wp-content\\plugins\\jetpack\\class-jetpack-gallery-settings.php","line":34}

Mar 05 2023 10:48:22
{"type":8192,"message":"Creation of dynamic property Jetpack_Gallery_Settings::$gallery_types is deprecated","file":"F:\\XAMPP\\htdocs\\WP_Travel_Agency\\wordpress\\wp-content\\plugins\\jetpack\\class-jetpack-gallery-settings.php","line":34}

Mar 05 2023 10:48:24
{"Number":8192,"Message":"base64_encode(): Passing null to parameter #1 ($string) of type string is deprecated","File":"F:\\XAMPP\\htdocs\\WP_Travel_Agency\\wordpress\\wp-content\\plugins\\all-in-one-wp-migration\\lib\\model\\export\\class-ai1wm-export-config.php","Line":171}

Mar 05 2023 10:48:24
{"type":8192,"message":"Creation of dynamic property Jetpack_Gallery_Settings::$gallery_types is deprecated","file":"F:\\XAMPP\\htdocs\\WP_Travel_Agency\\wordpress\\wp-content\\plugins\\jetpack\\class-jetpack-gallery-settings.php","line":34}

Mar 05 2023 10:48:25
{"type":8192,"message":"Creation of dynamic property Jetpack_Gallery_Settings::$gallery_types is deprecated","file":"F:\\XAMPP\\htdocs\\WP_Travel_Agency\\wordpress\\wp-content\\plugins\\jetpack\\class-jetpack-gallery-settings.php","line":34}

Mar 05 2023 10:48:26
{"type":8192,"message":"Creation of dynamic property Jetpack_Gallery_Settings::$gallery_types is deprecated","file":"F:\\XAMPP\\htdocs\\WP_Travel_Agency\\wordpress\\wp-content\\plugins\\jetpack\\class-jetpack-gallery-settings.php","line":34}

Mar 05 2023 10:48:29
{"type":8192,"message":"Creation of dynamic property Jetpack_Gallery_Settings::$gallery_types is deprecated","file":"F:\\XAMPP\\htdocs\\WP_Travel_Agency\\wordpress\\wp-content\\plugins\\jetpack\\class-jetpack-gallery-settings.php","line":34}

Mar 05 2023 10:48:30
{"type":8192,"message":"Creation of dynamic property Jetpack_Gallery_Settings::$gallery_types is deprecated","file":"F:\\XAMPP\\htdocs\\WP_Travel_Agency\\wordpress\\wp-content\\plugins\\jetpack\\class-jetpack-gallery-settings.php","line":34}

Mar 05 2023 10:48:31
{"type":8192,"message":"Creation of dynamic property Jetpack_Gallery_Settings::$gallery_types is deprecated","file":"F:\\XAMPP\\htdocs\\WP_Travel_Agency\\wordpress\\wp-content\\plugins\\jetpack\\class-jetpack-gallery-settings.php","line":34}

Mar 05 2023 10:48:36
{"type":8192,"message":"Creation of dynamic property Jetpack_Gallery_Settings::$gallery_types is deprecated","file":"F:\\XAMPP\\htdocs\\WP_Travel_Agency\\wordpress\\wp-content\\plugins\\jetpack\\class-jetpack-gallery-settings.php","line":34}

Mar 05 2023 10:48:36
{"type":8192,"message":"Creation of dynamic property Jetpack_Gallery_Settings::$gallery_types is deprecated","file":"F:\\XAMPP\\htdocs\\WP_Travel_Agency\\wordpress\\wp-content\\plugins\\jetpack\\class-jetpack-gallery-settings.php","line":34}

Mar 05 2023 10:48:39
{"type":8192,"message":"Creation of dynamic property Jetpack_Gallery_Settings::$gallery_types is deprecated","file":"F:\\XAMPP\\htdocs\\WP_Travel_Agency\\wordpress\\wp-content\\plugins\\jetpack\\class-jetpack-gallery-settings.php","line":34}

Mar 05 2023 10:48:41
{"type":8192,"message":"Creation of dynamic property Jetpack_Gallery_Settings::$gallery_types is deprecated","file":"F:\\XAMPP\\htdocs\\WP_Travel_Agency\\wordpress\\wp-content\\plugins\\jetpack\\class-jetpack-gallery-settings.php","line":34}

Mar 05 2023 10:48:42
{"type":8192,"message":"Creation of dynamic property Jetpack_Gallery_Settings::$gallery_types is deprecated","file":"F:\\XAMPP\\htdocs\\WP_Travel_Agency\\wordpress\\wp-content\\plugins\\jetpack\\class-jetpack-gallery-settings.php","line":34}

Mar 05 2023 10:48:43
{"type":8192,"message":"Creation of dynamic property Jetpack_Gallery_Settings::$gallery_types is deprecated","file":"F:\\XAMPP\\htdocs\\WP_Travel_Agency\\wordpress\\wp-content\\plugins\\jetpack\\class-jetpack-gallery-settings.php","line":34}

Mar 05 2023 10:48:45
{"type":8192,"message":"Creation of dynamic property Jetpack_Gallery_Settings::$gallery_types is deprecated","file":"F:\\XAMPP\\htdocs\\WP_Travel_Agency\\wordpress\\wp-content\\plugins\\jetpack\\class-jetpack-gallery-settings.php","line":34}

Mar 05 2023 10:48:47
{"type":8192,"message":"Creation of dynamic property Jetpack_Gallery_Settings::$gallery_types is deprecated","file":"F:\\XAMPP\\htdocs\\WP_Travel_Agency\\wordpress\\wp-content\\plugins\\jetpack\\class-jetpack-gallery-settings.php","line":34}

Mar 05 2023 10:48:53
{"type":8192,"message":"Creation of dynamic property Jetpack_Gallery_Settings::$gallery_types is deprecated","file":"F:\\XAMPP\\htdocs\\WP_Travel_Agency\\wordpress\\wp-content\\plugins\\jetpack\\class-jetpack-gallery-settings.php","line":34}

Mar 05 2023 10:48:58
{"type":8192,"message":"Creation of dynamic property Jetpack_Gallery_Settings::$gallery_types is deprecated","file":"F:\\XAMPP\\htdocs\\WP_Travel_Agency\\wordpress\\wp-content\\plugins\\jetpack\\class-jetpack-gallery-settings.php","line":34}

Mar 05 2023 10:49:01
{"type":8192,"message":"Creation of dynamic property Jetpack_Gallery_Settings::$gallery_types is deprecated","file":"F:\\XAMPP\\htdocs\\WP_Travel_Agency\\wordpress\\wp-content\\plugins\\jetpack\\class-jetpack-gallery-settings.php","line":34}

Mar 05 2023 10:49:04
{"type":8192,"message":"Creation of dynamic property Jetpack_Gallery_Settings::$gallery_types is deprecated","file":"F:\\XAMPP\\htdocs\\WP_Travel_Agency\\wordpress\\wp-content\\plugins\\jetpack\\class-jetpack-gallery-settings.php","line":34}

Mar 05 2023 10:49:06
{"type":8192,"message":"Creation of dynamic property Jetpack_Gallery_Settings::$gallery_types is deprecated","file":"F:\\XAMPP\\htdocs\\WP_Travel_Agency\\wordpress\\wp-content\\plugins\\jetpack\\class-jetpack-gallery-settings.php","line":34}

Mar 05 2023 10:49:06
{"type":8192,"message":"Creation of dynamic property Jetpack_Gallery_Settings::$gallery_types is deprecated","file":"F:\\XAMPP\\htdocs\\WP_Travel_Agency\\wordpress\\wp-content\\plugins\\jetpack\\class-jetpack-gallery-settings.php","line":34}

Mar 05 2023 10:49:09
{"type":8192,"message":"Creation of dynamic property Jetpack_Gallery_Settings::$gallery_types is deprecated","file":"F:\\XAMPP\\htdocs\\WP_Travel_Agency\\wordpress\\wp-content\\plugins\\jetpack\\class-jetpack-gallery-settings.php","line":34}

Mar 05 2023 10:49:12
{"type":8192,"message":"Creation of dynamic property Jetpack_Gallery_Settings::$gallery_types is deprecated","file":"F:\\XAMPP\\htdocs\\WP_Travel_Agency\\wordpress\\wp-content\\plugins\\jetpack\\class-jetpack-gallery-settings.php","line":34}

Mar 05 2023 10:49:12
{"type":8192,"message":"Creation of dynamic property Jetpack_Gallery_Settings::$gallery_types is deprecated","file":"F:\\XAMPP\\htdocs\\WP_Travel_Agency\\wordpress\\wp-content\\plugins\\jetpack\\class-jetpack-gallery-settings.php","line":34}

Mar 05 2023 10:49:14
{"type":8192,"message":"Creation of dynamic property Jetpack_Gallery_Settings::$gallery_types is deprecated","file":"F:\\XAMPP\\htdocs\\WP_Travel_Agency\\wordpress\\wp-content\\plugins\\jetpack\\class-jetpack-gallery-settings.php","line":34}

Mar 05 2023 10:49:16
{"type":8192,"message":"Creation of dynamic property Jetpack_Gallery_Settings::$gallery_types is deprecated","file":"F:\\XAMPP\\htdocs\\WP_Travel_Agency\\wordpress\\wp-content\\plugins\\jetpack\\class-jetpack-gallery-settings.php","line":34}

Mar 05 2023 10:49:17
{"type":8192,"message":"Creation of dynamic property Jetpack_Gallery_Settings::$gallery_types is deprecated","file":"F:\\XAMPP\\htdocs\\WP_Travel_Agency\\wordpress\\wp-content\\plugins\\jetpack\\class-jetpack-gallery-settings.php","line":34}

Mar 05 2023 15:43:49
{"type":8192,"message":"Creation of dynamic property Jetpack_Gallery_Settings::$gallery_types is deprecated","file":"F:\\XAMPP\\htdocs\\WP_Travel_Agency\\wordpress\\wp-content\\plugins\\jetpack\\class-jetpack-gallery-settings.php","line":34}

Mar 05 2023 15:43:52
{"type":8192,"message":"Creation of dynamic property Jetpack_Gallery_Settings::$gallery_types is deprecated","file":"F:\\XAMPP\\htdocs\\WP_Travel_Agency\\wordpress\\wp-content\\plugins\\jetpack\\class-jetpack-gallery-settings.php","line":34}

Mar 05 2023 15:43:52
{"type":8192,"message":"Creation of dynamic property Jetpack_Gallery_Settings::$gallery_types is deprecated","file":"F:\\XAMPP\\htdocs\\WP_Travel_Agency\\wordpress\\wp-content\\plugins\\jetpack\\class-jetpack-gallery-settings.php","line":34}

Mar 05 2023 15:43:54
{"type":8192,"message":"Creation of dynamic property Jetpack_Gallery_Settings::$gallery_types is deprecated","file":"F:\\XAMPP\\htdocs\\WP_Travel_Agency\\wordpress\\wp-content\\plugins\\jetpack\\class-jetpack-gallery-settings.php","line":34}

Mar 05 2023 15:43:56
{"Number":8192,"Message":"base64_encode(): Passing null to parameter #1 ($string) of type string is deprecated","File":"F:\\XAMPP\\htdocs\\WP_Travel_Agency\\wordpress\\wp-content\\plugins\\all-in-one-wp-migration\\lib\\model\\export\\class-ai1wm-export-config.php","Line":171}

Mar 05 2023 15:43:56
{"type":8192,"message":"Creation of dynamic property Jetpack_Gallery_Settings::$gallery_types is deprecated","file":"F:\\XAMPP\\htdocs\\WP_Travel_Agency\\wordpress\\wp-content\\plugins\\jetpack\\class-jetpack-gallery-settings.php","line":34}

Mar 05 2023 15:43:57
{"type":8192,"message":"Creation of dynamic property Jetpack_Gallery_Settings::$gallery_types is deprecated","file":"F:\\XAMPP\\htdocs\\WP_Travel_Agency\\wordpress\\wp-content\\plugins\\jetpack\\class-jetpack-gallery-settings.php","line":34}

Mar 05 2023 15:43:58
{"type":8192,"message":"Creation of dynamic property Jetpack_Gallery_Settings::$gallery_types is deprecated","file":"F:\\XAMPP\\htdocs\\WP_Travel_Agency\\wordpress\\wp-content\\plugins\\jetpack\\class-jetpack-gallery-settings.php","line":34}

Mar 05 2023 15:44:00
{"type":8192,"message":"Creation of dynamic property Jetpack_Gallery_Settings::$gallery_types is deprecated","file":"F:\\XAMPP\\htdocs\\WP_Travel_Agency\\wordpress\\wp-content\\plugins\\jetpack\\class-jetpack-gallery-settings.php","line":34}

Mar 05 2023 15:44:02
{"type":8192,"message":"Creation of dynamic property Jetpack_Gallery_Settings::$gallery_types is deprecated","file":"F:\\XAMPP\\htdocs\\WP_Travel_Agency\\wordpress\\wp-content\\plugins\\jetpack\\class-jetpack-gallery-settings.php","line":34}

Mar 05 2023 15:44:03
{"type":8192,"message":"Creation of dynamic property Jetpack_Gallery_Settings::$gallery_types is deprecated","file":"F:\\XAMPP\\htdocs\\WP_Travel_Agency\\wordpress\\wp-content\\plugins\\jetpack\\class-jetpack-gallery-settings.php","line":34}

Mar 05 2023 15:44:07
{"type":8192,"message":"Creation of dynamic property Jetpack_Gallery_Settings::$gallery_types is deprecated","file":"F:\\XAMPP\\htdocs\\WP_Travel_Agency\\wordpress\\wp-content\\plugins\\jetpack\\class-jetpack-gallery-settings.php","line":34}

Mar 05 2023 15:44:08
{"type":8192,"message":"Creation of dynamic property Jetpack_Gallery_Settings::$gallery_types is deprecated","file":"F:\\XAMPP\\htdocs\\WP_Travel_Agency\\wordpress\\wp-content\\plugins\\jetpack\\class-jetpack-gallery-settings.php","line":34}

Mar 05 2023 15:44:12
{"type":8192,"message":"Creation of dynamic property Jetpack_Gallery_Settings::$gallery_types is deprecated","file":"F:\\XAMPP\\htdocs\\WP_Travel_Agency\\wordpress\\wp-content\\plugins\\jetpack\\class-jetpack-gallery-settings.php","line":34}

Mar 05 2023 15:44:13
{"type":8192,"message":"Creation of dynamic property Jetpack_Gallery_Settings::$gallery_types is deprecated","file":"F:\\XAMPP\\htdocs\\WP_Travel_Agency\\wordpress\\wp-content\\plugins\\jetpack\\class-jetpack-gallery-settings.php","line":34}

Mar 05 2023 15:44:14
{"type":8192,"message":"Creation of dynamic property Jetpack_Gallery_Settings::$gallery_types is deprecated","file":"F:\\XAMPP\\htdocs\\WP_Travel_Agency\\wordpress\\wp-content\\plugins\\jetpack\\class-jetpack-gallery-settings.php","line":34}

Mar 05 2023 15:44:16
{"type":8192,"message":"Creation of dynamic property Jetpack_Gallery_Settings::$gallery_types is deprecated","file":"F:\\XAMPP\\htdocs\\WP_Travel_Agency\\wordpress\\wp-content\\plugins\\jetpack\\class-jetpack-gallery-settings.php","line":34}

Mar 05 2023 15:44:18
{"type":8192,"message":"Creation of dynamic property Jetpack_Gallery_Settings::$gallery_types is deprecated","file":"F:\\XAMPP\\htdocs\\WP_Travel_Agency\\wordpress\\wp-content\\plugins\\jetpack\\class-jetpack-gallery-settings.php","line":34}

Mar 05 2023 15:44:19
{"type":8192,"message":"Creation of dynamic property Jetpack_Gallery_Settings::$gallery_types is deprecated","file":"F:\\XAMPP\\htdocs\\WP_Travel_Agency\\wordpress\\wp-content\\plugins\\jetpack\\class-jetpack-gallery-settings.php","line":34}

Mar 05 2023 15:44:23
{"type":8192,"message":"Creation of dynamic property Jetpack_Gallery_Settings::$gallery_types is deprecated","file":"F:\\XAMPP\\htdocs\\WP_Travel_Agency\\wordpress\\wp-content\\plugins\\jetpack\\class-jetpack-gallery-settings.php","line":34}

Mar 05 2023 15:44:29
{"type":8192,"message":"Creation of dynamic property Jetpack_Gallery_Settings::$gallery_types is deprecated","file":"F:\\XAMPP\\htdocs\\WP_Travel_Agency\\wordpress\\wp-content\\plugins\\jetpack\\class-jetpack-gallery-settings.php","line":34}

Mar 05 2023 15:44:33
{"type":8192,"message":"Creation of dynamic property Jetpack_Gallery_Settings::$gallery_types is deprecated","file":"F:\\XAMPP\\htdocs\\WP_Travel_Agency\\wordpress\\wp-content\\plugins\\jetpack\\class-jetpack-gallery-settings.php","line":34}

Mar 05 2023 15:44:36
{"type":8192,"message":"Creation of dynamic property Jetpack_Gallery_Settings::$gallery_types is deprecated","file":"F:\\XAMPP\\htdocs\\WP_Travel_Agency\\wordpress\\wp-content\\plugins\\jetpack\\class-jetpack-gallery-settings.php","line":34}

Mar 05 2023 15:44:38
{"type":8192,"message":"Creation of dynamic property Jetpack_Gallery_Settings::$gallery_types is deprecated","file":"F:\\XAMPP\\htdocs\\WP_Travel_Agency\\wordpress\\wp-content\\plugins\\jetpack\\class-jetpack-gallery-settings.php","line":34}

Mar 05 2023 15:44:41
{"type":8192,"message":"Creation of dynamic property Jetpack_Gallery_Settings::$gallery_types is deprecated","file":"F:\\XAMPP\\htdocs\\WP_Travel_Agency\\wordpress\\wp-content\\plugins\\jetpack\\class-jetpack-gallery-settings.php","line":34}

Mar 05 2023 15:44:41
{"type":8192,"message":"Creation of dynamic property Jetpack_Gallery_Settings::$gallery_types is deprecated","file":"F:\\XAMPP\\htdocs\\WP_Travel_Agency\\wordpress\\wp-content\\plugins\\jetpack\\class-jetpack-gallery-settings.php","line":34}

Mar 05 2023 15:44:44
{"type":8192,"message":"Creation of dynamic property Jetpack_Gallery_Settings::$gallery_types is deprecated","file":"F:\\XAMPP\\htdocs\\WP_Travel_Agency\\wordpress\\wp-content\\plugins\\jetpack\\class-jetpack-gallery-settings.php","line":34}

Mar 05 2023 15:44:46
{"type":8192,"message":"Creation of dynamic property Jetpack_Gallery_Settings::$gallery_types is deprecated","file":"F:\\XAMPP\\htdocs\\WP_Travel_Agency\\wordpress\\wp-content\\plugins\\jetpack\\class-jetpack-gallery-settings.php","line":34}

Mar 05 2023 15:44:46
{"type":8192,"message":"Creation of dynamic property Jetpack_Gallery_Settings::$gallery_types is deprecated","file":"F:\\XAMPP\\htdocs\\WP_Travel_Agency\\wordpress\\wp-content\\plugins\\jetpack\\class-jetpack-gallery-settings.php","line":34}

Mar 05 2023 15:44:48
{"type":8192,"message":"Creation of dynamic property Jetpack_Gallery_Settings::$gallery_types is deprecated","file":"F:\\XAMPP\\htdocs\\WP_Travel_Agency\\wordpress\\wp-content\\plugins\\jetpack\\class-jetpack-gallery-settings.php","line":34}

Mar 05 2023 15:44:51
{"type":8192,"message":"Creation of dynamic property Jetpack_Gallery_Settings::$gallery_types is deprecated","file":"F:\\XAMPP\\htdocs\\WP_Travel_Agency\\wordpress\\wp-content\\plugins\\jetpack\\class-jetpack-gallery-settings.php","line":34}

Mar 05 2023 15:44:51
{"type":8192,"message":"Creation of dynamic property Jetpack_Gallery_Settings::$gallery_types is deprecated","file":"F:\\XAMPP\\htdocs\\WP_Travel_Agency\\wordpress\\wp-content\\plugins\\jetpack\\class-jetpack-gallery-settings.php","line":34}

Mar 05 2023 16:10:27
{"type":8192,"message":"Creation of dynamic property Jetpack_Gallery_Settings::$gallery_types is deprecated","file":"F:\\XAMPP\\htdocs\\WP_Travel_Agency\\wordpress\\wp-content\\plugins\\jetpack\\class-jetpack-gallery-settings.php","line":34}

Mar 05 2023 16:10:29
{"type":8192,"message":"Creation of dynamic property Jetpack_Gallery_Settings::$gallery_types is deprecated","file":"F:\\XAMPP\\htdocs\\WP_Travel_Agency\\wordpress\\wp-content\\plugins\\jetpack\\class-jetpack-gallery-settings.php","line":34}

Mar 05 2023 16:10:29
{"type":8192,"message":"Creation of dynamic property Jetpack_Gallery_Settings::$gallery_types is deprecated","file":"F:\\XAMPP\\htdocs\\WP_Travel_Agency\\wordpress\\wp-content\\plugins\\jetpack\\class-jetpack-gallery-settings.php","line":34}

Mar 05 2023 16:10:31
{"type":8192,"message":"Creation of dynamic property Jetpack_Gallery_Settings::$gallery_types is deprecated","file":"F:\\XAMPP\\htdocs\\WP_Travel_Agency\\wordpress\\wp-content\\plugins\\jetpack\\class-jetpack-gallery-settings.php","line":34}

Mar 05 2023 16:10:33
{"Number":8192,"Message":"base64_encode(): Passing null to parameter #1 ($string) of type string is deprecated","File":"F:\\XAMPP\\htdocs\\WP_Travel_Agency\\wordpress\\wp-content\\plugins\\all-in-one-wp-migration\\lib\\model\\export\\class-ai1wm-export-config.php","Line":171}

Mar 05 2023 16:10:33
{"type":8192,"message":"Creation of dynamic property Jetpack_Gallery_Settings::$gallery_types is deprecated","file":"F:\\XAMPP\\htdocs\\WP_Travel_Agency\\wordpress\\wp-content\\plugins\\jetpack\\class-jetpack-gallery-settings.php","line":34}

Mar 05 2023 16:10:34
{"type":8192,"message":"Creation of dynamic property Jetpack_Gallery_Settings::$gallery_types is deprecated","file":"F:\\XAMPP\\htdocs\\WP_Travel_Agency\\wordpress\\wp-content\\plugins\\jetpack\\class-jetpack-gallery-settings.php","line":34}

Mar 05 2023 16:10:35
{"type":8192,"message":"Creation of dynamic property Jetpack_Gallery_Settings::$gallery_types is deprecated","file":"F:\\XAMPP\\htdocs\\WP_Travel_Agency\\wordpress\\wp-content\\plugins\\jetpack\\class-jetpack-gallery-settings.php","line":34}

Mar 05 2023 16:10:36
{"type":8192,"message":"Creation of dynamic property Jetpack_Gallery_Settings::$gallery_types is deprecated","file":"F:\\XAMPP\\htdocs\\WP_Travel_Agency\\wordpress\\wp-content\\plugins\\jetpack\\class-jetpack-gallery-settings.php","line":34}

Mar 05 2023 16:10:37
{"type":8192,"message":"Creation of dynamic property Jetpack_Gallery_Settings::$gallery_types is deprecated","file":"F:\\XAMPP\\htdocs\\WP_Travel_Agency\\wordpress\\wp-content\\plugins\\jetpack\\class-jetpack-gallery-settings.php","line":34}

Mar 05 2023 16:10:37
{"type":8192,"message":"Creation of dynamic property Jetpack_Gallery_Settings::$gallery_types is deprecated","file":"F:\\XAMPP\\htdocs\\WP_Travel_Agency\\wordpress\\wp-content\\plugins\\jetpack\\class-jetpack-gallery-settings.php","line":34}

Mar 05 2023 16:10:46
{"type":8192,"message":"Creation of dynamic property Jetpack_Gallery_Settings::$gallery_types is deprecated","file":"F:\\XAMPP\\htdocs\\WP_Travel_Agency\\wordpress\\wp-content\\plugins\\jetpack\\class-jetpack-gallery-settings.php","line":34}

Mar 05 2023 16:10:50
{"type":8192,"message":"Creation of dynamic property Jetpack_Gallery_Settings::$gallery_types is deprecated","file":"F:\\XAMPP\\htdocs\\WP_Travel_Agency\\wordpress\\wp-content\\plugins\\jetpack\\class-jetpack-gallery-settings.php","line":34}

Mar 05 2023 16:10:58
{"type":8192,"message":"Creation of dynamic property Jetpack_Gallery_Settings::$gallery_types is deprecated","file":"F:\\XAMPP\\htdocs\\WP_Travel_Agency\\wordpress\\wp-content\\plugins\\jetpack\\class-jetpack-gallery-settings.php","line":34}

Mar 05 2023 16:11:00
{"type":8192,"message":"Creation of dynamic property Jetpack_Gallery_Settings::$gallery_types is deprecated","file":"F:\\XAMPP\\htdocs\\WP_Travel_Agency\\wordpress\\wp-content\\plugins\\jetpack\\class-jetpack-gallery-settings.php","line":34}

Mar 05 2023 16:11:00
{"type":8192,"message":"Creation of dynamic property Jetpack_Gallery_Settings::$gallery_types is deprecated","file":"F:\\XAMPP\\htdocs\\WP_Travel_Agency\\wordpress\\wp-content\\plugins\\jetpack\\class-jetpack-gallery-settings.php","line":34}

Mar 05 2023 16:11:02
{"type":8192,"message":"Creation of dynamic property Jetpack_Gallery_Settings::$gallery_types is deprecated","file":"F:\\XAMPP\\htdocs\\WP_Travel_Agency\\wordpress\\wp-content\\plugins\\jetpack\\class-jetpack-gallery-settings.php","line":34}

Mar 05 2023 16:11:04
{"Number":8192,"Message":"base64_encode(): Passing null to parameter #1 ($string) of type string is deprecated","File":"F:\\XAMPP\\htdocs\\WP_Travel_Agency\\wordpress\\wp-content\\plugins\\all-in-one-wp-migration\\lib\\model\\export\\class-ai1wm-export-config.php","Line":171}

Mar 05 2023 16:11:04
{"type":8192,"message":"Creation of dynamic property Jetpack_Gallery_Settings::$gallery_types is deprecated","file":"F:\\XAMPP\\htdocs\\WP_Travel_Agency\\wordpress\\wp-content\\plugins\\jetpack\\class-jetpack-gallery-settings.php","line":34}

Mar 05 2023 16:11:05
{"type":8192,"message":"Creation of dynamic property Jetpack_Gallery_Settings::$gallery_types is deprecated","file":"F:\\XAMPP\\htdocs\\WP_Travel_Agency\\wordpress\\wp-content\\plugins\\jetpack\\class-jetpack-gallery-settings.php","line":34}

Mar 05 2023 16:11:06
{"type":8192,"message":"Creation of dynamic property Jetpack_Gallery_Settings::$gallery_types is deprecated","file":"F:\\XAMPP\\htdocs\\WP_Travel_Agency\\wordpress\\wp-content\\plugins\\jetpack\\class-jetpack-gallery-settings.php","line":34}

Mar 05 2023 16:11:07
{"type":8192,"message":"Creation of dynamic property Jetpack_Gallery_Settings::$gallery_types is deprecated","file":"F:\\XAMPP\\htdocs\\WP_Travel_Agency\\wordpress\\wp-content\\plugins\\jetpack\\class-jetpack-gallery-settings.php","line":34}

Mar 05 2023 16:11:10
{"type":8192,"message":"Creation of dynamic property Jetpack_Gallery_Settings::$gallery_types is deprecated","file":"F:\\XAMPP\\htdocs\\WP_Travel_Agency\\wordpress\\wp-content\\plugins\\jetpack\\class-jetpack-gallery-settings.php","line":34}

Mar 05 2023 16:11:10
{"type":8192,"message":"Creation of dynamic property Jetpack_Gallery_Settings::$gallery_types is deprecated","file":"F:\\XAMPP\\htdocs\\WP_Travel_Agency\\wordpress\\wp-content\\plugins\\jetpack\\class-jetpack-gallery-settings.php","line":34}

Mar 05 2023 16:11:15
{"type":8192,"message":"Creation of dynamic property Jetpack_Gallery_Settings::$gallery_types is deprecated","file":"F:\\XAMPP\\htdocs\\WP_Travel_Agency\\wordpress\\wp-content\\plugins\\jetpack\\class-jetpack-gallery-settings.php","line":34}

Mar 05 2023 16:11:15
{"type":8192,"message":"Creation of dynamic property Jetpack_Gallery_Settings::$gallery_types is deprecated","file":"F:\\XAMPP\\htdocs\\WP_Travel_Agency\\wordpress\\wp-content\\plugins\\jetpack\\class-jetpack-gallery-settings.php","line":34}

Mar 05 2023 16:11:17
{"type":8192,"message":"Creation of dynamic property Jetpack_Gallery_Settings::$gallery_types is deprecated","file":"F:\\XAMPP\\htdocs\\WP_Travel_Agency\\wordpress\\wp-content\\plugins\\jetpack\\class-jetpack-gallery-settings.php","line":34}

Mar 05 2023 16:11:19
{"type":8192,"message":"Creation of dynamic property Jetpack_Gallery_Settings::$gallery_types is deprecated","file":"F:\\XAMPP\\htdocs\\WP_Travel_Agency\\wordpress\\wp-content\\plugins\\jetpack\\class-jetpack-gallery-settings.php","line":34}

Mar 05 2023 16:11:20
{"type":8192,"message":"Creation of dynamic property Jetpack_Gallery_Settings::$gallery_types is deprecated","file":"F:\\XAMPP\\htdocs\\WP_Travel_Agency\\wordpress\\wp-content\\plugins\\jetpack\\class-jetpack-gallery-settings.php","line":34}

Mar 05 2023 16:11:21
{"type":8192,"message":"Creation of dynamic property Jetpack_Gallery_Settings::$gallery_types is deprecated","file":"F:\\XAMPP\\htdocs\\WP_Travel_Agency\\wordpress\\wp-content\\plugins\\jetpack\\class-jetpack-gallery-settings.php","line":34}

Mar 05 2023 16:11:23
{"type":8192,"message":"Creation of dynamic property Jetpack_Gallery_Settings::$gallery_types is deprecated","file":"F:\\XAMPP\\htdocs\\WP_Travel_Agency\\wordpress\\wp-content\\plugins\\jetpack\\class-jetpack-gallery-settings.php","line":34}

Mar 05 2023 16:11:25
{"type":8192,"message":"Creation of dynamic property Jetpack_Gallery_Settings::$gallery_types is deprecated","file":"F:\\XAMPP\\htdocs\\WP_Travel_Agency\\wordpress\\wp-content\\plugins\\jetpack\\class-jetpack-gallery-settings.php","line":34}

Mar 05 2023 16:11:30
{"type":8192,"message":"Creation of dynamic property Jetpack_Gallery_Settings::$gallery_types is deprecated","file":"F:\\XAMPP\\htdocs\\WP_Travel_Agency\\wordpress\\wp-content\\plugins\\jetpack\\class-jetpack-gallery-settings.php","line":34}

Mar 05 2023 16:11:35
{"type":8192,"message":"Creation of dynamic property Jetpack_Gallery_Settings::$gallery_types is deprecated","file":"F:\\XAMPP\\htdocs\\WP_Travel_Agency\\wordpress\\wp-content\\plugins\\jetpack\\class-jetpack-gallery-settings.php","line":34}

Mar 05 2023 16:11:35
{"type":8192,"message":"Creation of dynamic property Jetpack_Gallery_Settings::$gallery_types is deprecated","file":"F:\\XAMPP\\htdocs\\WP_Travel_Agency\\wordpress\\wp-content\\plugins\\jetpack\\class-jetpack-gallery-settings.php","line":34}

Mar 05 2023 16:11:37
{"type":8192,"message":"Creation of dynamic property Jetpack_Gallery_Settings::$gallery_types is deprecated","file":"F:\\XAMPP\\htdocs\\WP_Travel_Agency\\wordpress\\wp-content\\plugins\\jetpack\\class-jetpack-gallery-settings.php","line":34}

Mar 05 2023 16:11:39
{"type":8192,"message":"Creation of dynamic property Jetpack_Gallery_Settings::$gallery_types is deprecated","file":"F:\\XAMPP\\htdocs\\WP_Travel_Agency\\wordpress\\wp-content\\plugins\\jetpack\\class-jetpack-gallery-settings.php","line":34}

Mar 05 2023 16:11:40
{"type":8192,"message":"Creation of dynamic property Jetpack_Gallery_Settings::$gallery_types is deprecated","file":"F:\\XAMPP\\htdocs\\WP_Travel_Agency\\wordpress\\wp-content\\plugins\\jetpack\\class-jetpack-gallery-settings.php","line":34}

Mar 05 2023 16:11:42
{"type":8192,"message":"Creation of dynamic property Jetpack_Gallery_Settings::$gallery_types is deprecated","file":"F:\\XAMPP\\htdocs\\WP_Travel_Agency\\wordpress\\wp-content\\plugins\\jetpack\\class-jetpack-gallery-settings.php","line":34}

Mar 05 2023 16:11:44
{"type":8192,"message":"Creation of dynamic property Jetpack_Gallery_Settings::$gallery_types is deprecated","file":"F:\\XAMPP\\htdocs\\WP_Travel_Agency\\wordpress\\wp-content\\plugins\\jetpack\\class-jetpack-gallery-settings.php","line":34}

Mar 05 2023 16:11:45
{"type":8192,"message":"Creation of dynamic property Jetpack_Gallery_Settings::$gallery_types is deprecated","file":"F:\\XAMPP\\htdocs\\WP_Travel_Agency\\wordpress\\wp-content\\plugins\\jetpack\\class-jetpack-gallery-settings.php","line":34}

Mar 05 2023 16:11:45
{"type":8192,"message":"Creation of dynamic property Jetpack_Gallery_Settings::$gallery_types is deprecated","file":"F:\\XAMPP\\htdocs\\WP_Travel_Agency\\wordpress\\wp-content\\plugins\\jetpack\\class-jetpack-gallery-settings.php","line":34}

Mar 05 2023 16:11:47
{"type":8192,"message":"Creation of dynamic property Jetpack_Gallery_Settings::$gallery_types is deprecated","file":"F:\\XAMPP\\htdocs\\WP_Travel_Agency\\wordpress\\wp-content\\plugins\\jetpack\\class-jetpack-gallery-settings.php","line":34}

Mar 05 2023 16:11:49
{"type":8192,"message":"Creation of dynamic property Jetpack_Gallery_Settings::$gallery_types is deprecated","file":"F:\\XAMPP\\htdocs\\WP_Travel_Agency\\wordpress\\wp-content\\plugins\\jetpack\\class-jetpack-gallery-settings.php","line":34}

Mar 05 2023 16:11:51
{"type":8192,"message":"Creation of dynamic property Jetpack_Gallery_Settings::$gallery_types is deprecated","file":"F:\\XAMPP\\htdocs\\WP_Travel_Agency\\wordpress\\wp-content\\plugins\\jetpack\\class-jetpack-gallery-settings.php","line":34}

Mar 05 2023 16:35:46
{"type":8192,"message":"Creation of dynamic property Jetpack_Gallery_Settings::$gallery_types is deprecated","file":"F:\\XAMPP\\htdocs\\WP_Travel_Agency\\wordpress\\wp-content\\plugins\\jetpack\\class-jetpack-gallery-settings.php","line":34}

Mar 05 2023 16:35:54
{"type":8192,"message":"Creation of dynamic property Jetpack_Gallery_Settings::$gallery_types is deprecated","file":"F:\\XAMPP\\htdocs\\WP_Travel_Agency\\wordpress\\wp-content\\plugins\\jetpack\\class-jetpack-gallery-settings.php","line":34}

Mar 05 2023 16:35:56
{"type":8192,"message":"Creation of dynamic property Jetpack_Gallery_Settings::$gallery_types is deprecated","file":"F:\\XAMPP\\htdocs\\WP_Travel_Agency\\wordpress\\wp-content\\plugins\\jetpack\\class-jetpack-gallery-settings.php","line":34}

Mar 05 2023 16:35:56
{"type":8192,"message":"Creation of dynamic property Jetpack_Gallery_Settings::$gallery_types is deprecated","file":"F:\\XAMPP\\htdocs\\WP_Travel_Agency\\wordpress\\wp-content\\plugins\\jetpack\\class-jetpack-gallery-settings.php","line":34}

Mar 05 2023 16:35:58
{"type":8192,"message":"Creation of dynamic property Jetpack_Gallery_Settings::$gallery_types is deprecated","file":"F:\\XAMPP\\htdocs\\WP_Travel_Agency\\wordpress\\wp-content\\plugins\\jetpack\\class-jetpack-gallery-settings.php","line":34}

Mar 05 2023 16:36:00
{"Number":8192,"Message":"base64_encode(): Passing null to parameter #1 ($string) of type string is deprecated","File":"F:\\XAMPP\\htdocs\\WP_Travel_Agency\\wordpress\\wp-content\\plugins\\all-in-one-wp-migration\\lib\\model\\export\\class-ai1wm-export-config.php","Line":171}

Mar 05 2023 16:36:00
{"type":8192,"message":"Creation of dynamic property Jetpack_Gallery_Settings::$gallery_types is deprecated","file":"F:\\XAMPP\\htdocs\\WP_Travel_Agency\\wordpress\\wp-content\\plugins\\jetpack\\class-jetpack-gallery-settings.php","line":34}

Mar 05 2023 16:36:01
{"type":8192,"message":"Creation of dynamic property Jetpack_Gallery_Settings::$gallery_types is deprecated","file":"F:\\XAMPP\\htdocs\\WP_Travel_Agency\\wordpress\\wp-content\\plugins\\jetpack\\class-jetpack-gallery-settings.php","line":34}

Mar 05 2023 16:36:01
{"type":8192,"message":"Creation of dynamic property Jetpack_Gallery_Settings::$gallery_types is deprecated","file":"F:\\XAMPP\\htdocs\\WP_Travel_Agency\\wordpress\\wp-content\\plugins\\jetpack\\class-jetpack-gallery-settings.php","line":34}

Mar 05 2023 16:36:03
{"type":8192,"message":"Creation of dynamic property Jetpack_Gallery_Settings::$gallery_types is deprecated","file":"F:\\XAMPP\\htdocs\\WP_Travel_Agency\\wordpress\\wp-content\\plugins\\jetpack\\class-jetpack-gallery-settings.php","line":34}

Mar 05 2023 16:36:05
{"type":8192,"message":"Creation of dynamic property Jetpack_Gallery_Settings::$gallery_types is deprecated","file":"F:\\XAMPP\\htdocs\\WP_Travel_Agency\\wordpress\\wp-content\\plugins\\jetpack\\class-jetpack-gallery-settings.php","line":34}

Mar 05 2023 16:36:06
{"type":8192,"message":"Creation of dynamic property Jetpack_Gallery_Settings::$gallery_types is deprecated","file":"F:\\XAMPP\\htdocs\\WP_Travel_Agency\\wordpress\\wp-content\\plugins\\jetpack\\class-jetpack-gallery-settings.php","line":34}

Mar 05 2023 16:36:09
{"type":8192,"message":"Creation of dynamic property Jetpack_Gallery_Settings::$gallery_types is deprecated","file":"F:\\XAMPP\\htdocs\\WP_Travel_Agency\\wordpress\\wp-content\\plugins\\jetpack\\class-jetpack-gallery-settings.php","line":34}

Mar 05 2023 16:36:11
{"type":8192,"message":"Creation of dynamic property Jetpack_Gallery_Settings::$gallery_types is deprecated","file":"F:\\XAMPP\\htdocs\\WP_Travel_Agency\\wordpress\\wp-content\\plugins\\jetpack\\class-jetpack-gallery-settings.php","line":34}

Mar 05 2023 16:36:12
{"type":8192,"message":"Creation of dynamic property Jetpack_Gallery_Settings::$gallery_types is deprecated","file":"F:\\XAMPP\\htdocs\\WP_Travel_Agency\\wordpress\\wp-content\\plugins\\jetpack\\class-jetpack-gallery-settings.php","line":34}

Mar 05 2023 16:36:13
{"type":8192,"message":"Creation of dynamic property Jetpack_Gallery_Settings::$gallery_types is deprecated","file":"F:\\XAMPP\\htdocs\\WP_Travel_Agency\\wordpress\\wp-content\\plugins\\jetpack\\class-jetpack-gallery-settings.php","line":34}

Mar 05 2023 16:36:15
{"type":8192,"message":"Creation of dynamic property Jetpack_Gallery_Settings::$gallery_types is deprecated","file":"F:\\XAMPP\\htdocs\\WP_Travel_Agency\\wordpress\\wp-content\\plugins\\jetpack\\class-jetpack-gallery-settings.php","line":34}

Mar 05 2023 16:36:16
{"type":8192,"message":"Creation of dynamic property Jetpack_Gallery_Settings::$gallery_types is deprecated","file":"F:\\XAMPP\\htdocs\\WP_Travel_Agency\\wordpress\\wp-content\\plugins\\jetpack\\class-jetpack-gallery-settings.php","line":34}

Mar 05 2023 16:36:17
{"type":8192,"message":"Creation of dynamic property Jetpack_Gallery_Settings::$gallery_types is deprecated","file":"F:\\XAMPP\\htdocs\\WP_Travel_Agency\\wordpress\\wp-content\\plugins\\jetpack\\class-jetpack-gallery-settings.php","line":34}

Mar 05 2023 16:36:24
{"type":8192,"message":"Creation of dynamic property Jetpack_Gallery_Settings::$gallery_types is deprecated","file":"F:\\XAMPP\\htdocs\\WP_Travel_Agency\\wordpress\\wp-content\\plugins\\jetpack\\class-jetpack-gallery-settings.php","line":34}

Mar 05 2023 16:36:29
{"type":8192,"message":"Creation of dynamic property Jetpack_Gallery_Settings::$gallery_types is deprecated","file":"F:\\XAMPP\\htdocs\\WP_Travel_Agency\\wordpress\\wp-content\\plugins\\jetpack\\class-jetpack-gallery-settings.php","line":34}

Mar 05 2023 16:36:29
{"type":8192,"message":"Creation of dynamic property Jetpack_Gallery_Settings::$gallery_types is deprecated","file":"F:\\XAMPP\\htdocs\\WP_Travel_Agency\\wordpress\\wp-content\\plugins\\jetpack\\class-jetpack-gallery-settings.php","line":34}

Mar 05 2023 16:36:33
{"type":8192,"message":"Creation of dynamic property Jetpack_Gallery_Settings::$gallery_types is deprecated","file":"F:\\XAMPP\\htdocs\\WP_Travel_Agency\\wordpress\\wp-content\\plugins\\jetpack\\class-jetpack-gallery-settings.php","line":34}

Mar 05 2023 16:36:33
{"type":8192,"message":"Creation of dynamic property Jetpack_Gallery_Settings::$gallery_types is deprecated","file":"F:\\XAMPP\\htdocs\\WP_Travel_Agency\\wordpress\\wp-content\\plugins\\jetpack\\class-jetpack-gallery-settings.php","line":34}

Mar 05 2023 16:36:35
{"type":8192,"message":"Creation of dynamic property Jetpack_Gallery_Settings::$gallery_types is deprecated","file":"F:\\XAMPP\\htdocs\\WP_Travel_Agency\\wordpress\\wp-content\\plugins\\jetpack\\class-jetpack-gallery-settings.php","line":34}

Mar 05 2023 16:36:37
{"type":8192,"message":"Creation of dynamic property Jetpack_Gallery_Settings::$gallery_types is deprecated","file":"F:\\XAMPP\\htdocs\\WP_Travel_Agency\\wordpress\\wp-content\\plugins\\jetpack\\class-jetpack-gallery-settings.php","line":34}

Mar 05 2023 16:36:38
{"type":8192,"message":"Creation of dynamic property Jetpack_Gallery_Settings::$gallery_types is deprecated","file":"F:\\XAMPP\\htdocs\\WP_Travel_Agency\\wordpress\\wp-content\\plugins\\jetpack\\class-jetpack-gallery-settings.php","line":34}

Mar 05 2023 16:36:39
{"type":8192,"message":"Creation of dynamic property Jetpack_Gallery_Settings::$gallery_types is deprecated","file":"F:\\XAMPP\\htdocs\\WP_Travel_Agency\\wordpress\\wp-content\\plugins\\jetpack\\class-jetpack-gallery-settings.php","line":34}

Mar 05 2023 16:36:41
{"type":8192,"message":"Creation of dynamic property Jetpack_Gallery_Settings::$gallery_types is deprecated","file":"F:\\XAMPP\\htdocs\\WP_Travel_Agency\\wordpress\\wp-content\\plugins\\jetpack\\class-jetpack-gallery-settings.php","line":34}

Mar 05 2023 16:36:42
{"type":8192,"message":"Creation of dynamic property Jetpack_Gallery_Settings::$gallery_types is deprecated","file":"F:\\XAMPP\\htdocs\\WP_Travel_Agency\\wordpress\\wp-content\\plugins\\jetpack\\class-jetpack-gallery-settings.php","line":34}

Mar 05 2023 16:36:43
{"type":8192,"message":"Creation of dynamic property Jetpack_Gallery_Settings::$gallery_types is deprecated","file":"F:\\XAMPP\\htdocs\\WP_Travel_Agency\\wordpress\\wp-content\\plugins\\jetpack\\class-jetpack-gallery-settings.php","line":34}

Mar 05 2023 16:42:11
{"type":8192,"message":"Creation of dynamic property Jetpack_Gallery_Settings::$gallery_types is deprecated","file":"F:\\XAMPP\\htdocs\\WP_Travel_Agency\\wordpress\\wp-content\\plugins\\jetpack\\class-jetpack-gallery-settings.php","line":34}

Mar 05 2023 16:42:13
{"type":8192,"message":"Creation of dynamic property Jetpack_Gallery_Settings::$gallery_types is deprecated","file":"F:\\XAMPP\\htdocs\\WP_Travel_Agency\\wordpress\\wp-content\\plugins\\jetpack\\class-jetpack-gallery-settings.php","line":34}

Mar 05 2023 16:42:13
{"type":8192,"message":"Creation of dynamic property Jetpack_Gallery_Settings::$gallery_types is deprecated","file":"F:\\XAMPP\\htdocs\\WP_Travel_Agency\\wordpress\\wp-content\\plugins\\jetpack\\class-jetpack-gallery-settings.php","line":34}

Mar 05 2023 16:42:41
{"type":8192,"message":"Creation of dynamic property Jetpack_Gallery_Settings::$gallery_types is deprecated","file":"F:\\XAMPP\\htdocs\\WP_Travel_Agency\\wordpress\\wp-content\\plugins\\jetpack\\class-jetpack-gallery-settings.php","line":34}

Mar 05 2023 16:42:43
{"type":8192,"message":"Creation of dynamic property Jetpack_Gallery_Settings::$gallery_types is deprecated","file":"F:\\XAMPP\\htdocs\\WP_Travel_Agency\\wordpress\\wp-content\\plugins\\jetpack\\class-jetpack-gallery-settings.php","line":34}

Mar 05 2023 16:42:43
{"type":8192,"message":"Creation of dynamic property Jetpack_Gallery_Settings::$gallery_types is deprecated","file":"F:\\XAMPP\\htdocs\\WP_Travel_Agency\\wordpress\\wp-content\\plugins\\jetpack\\class-jetpack-gallery-settings.php","line":34}

Mar 05 2023 16:42:45
{"type":8192,"message":"Creation of dynamic property Jetpack_Gallery_Settings::$gallery_types is deprecated","file":"F:\\XAMPP\\htdocs\\WP_Travel_Agency\\wordpress\\wp-content\\plugins\\jetpack\\class-jetpack-gallery-settings.php","line":34}

Mar 05 2023 16:42:47
{"Number":8192,"Message":"base64_encode(): Passing null to parameter #1 ($string) of type string is deprecated","File":"F:\\XAMPP\\htdocs\\WP_Travel_Agency\\wordpress\\wp-content\\plugins\\all-in-one-wp-migration\\lib\\model\\export\\class-ai1wm-export-config.php","Line":171}

Mar 05 2023 16:42:47
{"type":8192,"message":"Creation of dynamic property Jetpack_Gallery_Settings::$gallery_types is deprecated","file":"F:\\XAMPP\\htdocs\\WP_Travel_Agency\\wordpress\\wp-content\\plugins\\jetpack\\class-jetpack-gallery-settings.php","line":34}

Mar 05 2023 16:42:48
{"type":8192,"message":"Creation of dynamic property Jetpack_Gallery_Settings::$gallery_types is deprecated","file":"F:\\XAMPP\\htdocs\\WP_Travel_Agency\\wordpress\\wp-content\\plugins\\jetpack\\class-jetpack-gallery-settings.php","line":34}

Mar 05 2023 16:42:49
{"type":8192,"message":"Creation of dynamic property Jetpack_Gallery_Settings::$gallery_types is deprecated","file":"F:\\XAMPP\\htdocs\\WP_Travel_Agency\\wordpress\\wp-content\\plugins\\jetpack\\class-jetpack-gallery-settings.php","line":34}

Mar 05 2023 16:42:50
{"type":8192,"message":"Creation of dynamic property Jetpack_Gallery_Settings::$gallery_types is deprecated","file":"F:\\XAMPP\\htdocs\\WP_Travel_Agency\\wordpress\\wp-content\\plugins\\jetpack\\class-jetpack-gallery-settings.php","line":34}

Mar 05 2023 16:42:52
{"type":8192,"message":"Creation of dynamic property Jetpack_Gallery_Settings::$gallery_types is deprecated","file":"F:\\XAMPP\\htdocs\\WP_Travel_Agency\\wordpress\\wp-content\\plugins\\jetpack\\class-jetpack-gallery-settings.php","line":34}

Mar 05 2023 16:42:53
{"type":8192,"message":"Creation of dynamic property Jetpack_Gallery_Settings::$gallery_types is deprecated","file":"F:\\XAMPP\\htdocs\\WP_Travel_Agency\\wordpress\\wp-content\\plugins\\jetpack\\class-jetpack-gallery-settings.php","line":34}

Mar 05 2023 16:42:57
{"type":8192,"message":"Creation of dynamic property Jetpack_Gallery_Settings::$gallery_types is deprecated","file":"F:\\XAMPP\\htdocs\\WP_Travel_Agency\\wordpress\\wp-content\\plugins\\jetpack\\class-jetpack-gallery-settings.php","line":34}

Mar 05 2023 16:42:58
{"type":8192,"message":"Creation of dynamic property Jetpack_Gallery_Settings::$gallery_types is deprecated","file":"F:\\XAMPP\\htdocs\\WP_Travel_Agency\\wordpress\\wp-content\\plugins\\jetpack\\class-jetpack-gallery-settings.php","line":34}

Mar 05 2023 16:42:58
{"type":8192,"message":"Creation of dynamic property Jetpack_Gallery_Settings::$gallery_types is deprecated","file":"F:\\XAMPP\\htdocs\\WP_Travel_Agency\\wordpress\\wp-content\\plugins\\jetpack\\class-jetpack-gallery-settings.php","line":34}

Mar 05 2023 16:43:00
{"type":8192,"message":"Creation of dynamic property Jetpack_Gallery_Settings::$gallery_types is deprecated","file":"F:\\XAMPP\\htdocs\\WP_Travel_Agency\\wordpress\\wp-content\\plugins\\jetpack\\class-jetpack-gallery-settings.php","line":34}

Mar 05 2023 16:43:02
{"type":8192,"message":"Creation of dynamic property Jetpack_Gallery_Settings::$gallery_types is deprecated","file":"F:\\XAMPP\\htdocs\\WP_Travel_Agency\\wordpress\\wp-content\\plugins\\jetpack\\class-jetpack-gallery-settings.php","line":34}

Mar 05 2023 16:43:03
{"type":8192,"message":"Creation of dynamic property Jetpack_Gallery_Settings::$gallery_types is deprecated","file":"F:\\XAMPP\\htdocs\\WP_Travel_Agency\\wordpress\\wp-content\\plugins\\jetpack\\class-jetpack-gallery-settings.php","line":34}

Mar 05 2023 16:43:04
{"type":8192,"message":"Creation of dynamic property Jetpack_Gallery_Settings::$gallery_types is deprecated","file":"F:\\XAMPP\\htdocs\\WP_Travel_Agency\\wordpress\\wp-content\\plugins\\jetpack\\class-jetpack-gallery-settings.php","line":34}

Mar 05 2023 16:43:07
{"type":8192,"message":"Creation of dynamic property Jetpack_Gallery_Settings::$gallery_types is deprecated","file":"F:\\XAMPP\\htdocs\\WP_Travel_Agency\\wordpress\\wp-content\\plugins\\jetpack\\class-jetpack-gallery-settings.php","line":34}

Mar 05 2023 16:43:13
{"type":8192,"message":"Creation of dynamic property Jetpack_Gallery_Settings::$gallery_types is deprecated","file":"F:\\XAMPP\\htdocs\\WP_Travel_Agency\\wordpress\\wp-content\\plugins\\jetpack\\class-jetpack-gallery-settings.php","line":34}

Mar 05 2023 16:43:16
{"type":8192,"message":"Creation of dynamic property Jetpack_Gallery_Settings::$gallery_types is deprecated","file":"F:\\XAMPP\\htdocs\\WP_Travel_Agency\\wordpress\\wp-content\\plugins\\jetpack\\class-jetpack-gallery-settings.php","line":34}

Mar 05 2023 16:43:18
{"type":8192,"message":"Creation of dynamic property Jetpack_Gallery_Settings::$gallery_types is deprecated","file":"F:\\XAMPP\\htdocs\\WP_Travel_Agency\\wordpress\\wp-content\\plugins\\jetpack\\class-jetpack-gallery-settings.php","line":34}

Mar 05 2023 16:43:19
{"type":8192,"message":"Creation of dynamic property Jetpack_Gallery_Settings::$gallery_types is deprecated","file":"F:\\XAMPP\\htdocs\\WP_Travel_Agency\\wordpress\\wp-content\\plugins\\jetpack\\class-jetpack-gallery-settings.php","line":34}

Mar 05 2023 16:43:21
{"type":8192,"message":"Creation of dynamic property Jetpack_Gallery_Settings::$gallery_types is deprecated","file":"F:\\XAMPP\\htdocs\\WP_Travel_Agency\\wordpress\\wp-content\\plugins\\jetpack\\class-jetpack-gallery-settings.php","line":34}

Mar 05 2023 16:43:23
{"type":8192,"message":"Creation of dynamic property Jetpack_Gallery_Settings::$gallery_types is deprecated","file":"F:\\XAMPP\\htdocs\\WP_Travel_Agency\\wordpress\\wp-content\\plugins\\jetpack\\class-jetpack-gallery-settings.php","line":34}

Mar 05 2023 16:43:24
{"type":8192,"message":"Creation of dynamic property Jetpack_Gallery_Settings::$gallery_types is deprecated","file":"F:\\XAMPP\\htdocs\\WP_Travel_Agency\\wordpress\\wp-content\\plugins\\jetpack\\class-jetpack-gallery-settings.php","line":34}

Mar 05 2023 16:43:29
{"type":8192,"message":"Creation of dynamic property Jetpack_Gallery_Settings::$gallery_types is deprecated","file":"F:\\XAMPP\\htdocs\\WP_Travel_Agency\\wordpress\\wp-content\\plugins\\jetpack\\class-jetpack-gallery-settings.php","line":34}

Mar 05 2023 16:43:29
{"type":8192,"message":"Creation of dynamic property Jetpack_Gallery_Settings::$gallery_types is deprecated","file":"F:\\XAMPP\\htdocs\\WP_Travel_Agency\\wordpress\\wp-content\\plugins\\jetpack\\class-jetpack-gallery-settings.php","line":34}

Mar 05 2023 16:43:31
{"type":8192,"message":"Creation of dynamic property Jetpack_Gallery_Settings::$gallery_types is deprecated","file":"F:\\XAMPP\\htdocs\\WP_Travel_Agency\\wordpress\\wp-content\\plugins\\jetpack\\class-jetpack-gallery-settings.php","line":34}

Mar 05 2023 16:43:33
{"type":8192,"message":"Creation of dynamic property Jetpack_Gallery_Settings::$gallery_types is deprecated","file":"F:\\XAMPP\\htdocs\\WP_Travel_Agency\\wordpress\\wp-content\\plugins\\jetpack\\class-jetpack-gallery-settings.php","line":34}

Mar 05 2023 16:43:34
{"type":8192,"message":"Creation of dynamic property Jetpack_Gallery_Settings::$gallery_types is deprecated","file":"F:\\XAMPP\\htdocs\\WP_Travel_Agency\\wordpress\\wp-content\\plugins\\jetpack\\class-jetpack-gallery-settings.php","line":34}

